2025-06-26 03:36:47,294 - NOMOCR - ERROR - Error: D:\learning\lab NLP\Week03\ATRI\ThanhHoaQuanPhong\image_processed\Han_Nom\page062.jpg - Upload: t_access_denied
2025-06-26 09:32:01,684 - NOMOCR - ERROR - Error: D:\learning\lab NLP\Week03\SachDNQSDC\DNQSDC\image_label\DNQSDC_022.jpg - Upload: t_access_denied
2025-07-05 20:49:00,814 - NOMOCR - ERROR - Error: D:\learning\lab NLP\WeekOCR\selected_bia\image\Han_Nom\T09_08456.png - Upload: Failed to upload image: Invalid Firebase token - could not extract UID
2025-07-05 20:49:17,956 - NOMOCR - ERROR - Error: D:\learning\lab NLP\WeekOCR\selected_bia\image\Han_Nom\T09_08456.png - Upload: Failed to upload image: Invalid Firebase token - could not extract UID
2025-07-09 11:17:29,582 - NOMOCR - ERROR - Error: D:\learning\lab NLP\WeekOCR\selected_bia\image\Han_Nom\T09_08456.png - Upload: Failed to upload image: Missing or invalid Bearer token
2025-07-09 12:16:29,256 - NOMOCR - ERROR - Error: D:\learning\lab NLP\WeekOCR\selected_bia\image\Han_Nom\T09_08456.png - Upload: Failed to upload image: Invalid Firebase token - could not extract UID
2025-07-09 12:30:35,506 - NOMOCR - ERROR - Error: D:\learning\lab NLP\WeekOCR\selected_bia\image\Han_Nom\T09_08456.png - Upload: Failed to upload image: Missing or invalid Bearer token
2025-07-09 12:49:11,727 - NOMOCR - ERROR - Error: D:\learning\lab NLP\WeekOCR\selected_bia\image\Han_Nom\T09_08456.png - Upload: Đăng nhập Firebase thất bại: {
  "error": {
    "code": 400,
    "message": "CONFIGURATION_NOT_FOUND",
    "errors": [
      {
        "message": "CONFIGURATION_NOT_FOUND",
        "domain": "global",
        "reason": "invalid"
      }
    ]
  }
}

2025-07-09 12:51:18,245 - NOMOCR - ERROR - Error: D:\learning\lab NLP\WeekOCR\selected_bia\image\Han_Nom\T09_08456.png - Upload: Đăng nhập Firebase thất bại: {
  "error": {
    "code": 400,
    "message": "INVALID_LOGIN_CREDENTIALS",
    "errors": [
      {
        "message": "INVALID_LOGIN_CREDENTIALS",
        "domain": "global",
        "reason": "invalid"
      }
    ]
  }
}

2025-07-09 13:05:07,357 - NOMOCR - ERROR - Error: D:\learning\lab NLP\WeekOCR\selected_bia\image\Han_Nom\T09_08721.png - OCR: {"title": "t_000500", "text": "m_000500", "web_text": null, "debug_msg": "Internal Server Error"}
2025-07-09 13:27:49,062 - NOMOCR - ERROR - Error: D:\learning\lab NLP\WeekOCR\selected_bia\image\Han_Nom\T09_08721.png - OCR: {"title": "t_000500", "text": "m_000500", "web_text": null, "debug_msg": "Internal Server Error"}
2025-07-09 13:31:35,137 - NOMOCR - ERROR - Error: D:\learning\lab NLP\WeekOCR\selected_bia\image\Han_Nom\T09_08721.png - OCR: {"title": "t_000500", "text": "m_000500", "web_text": null, "debug_msg": "Internal Server Error"}
2025-08-09 12:21:08,919 - NOMOCR - ERROR - Error: D:\learning\lab NLP\Week03\VanBiaTienLang\selected_new_bia\Cache.cach - Upload: t_file_data_is_empty
2025-08-10 20:31:58,287 - NOMOCR - ERROR - Error: D:\learning\lab NLP\Week03\VanBiaTienLang\selected_new_bia\08456-21.jpg - Upload: HTTPSConnectionPool(host='3', port=443): Max retries exceeded with url: /api/web/clc-sinonom/image-upload (Caused by NameResolutionError("<urllib3.connection.HTTPSConnection object at 0x0000013F8D7C47F0>: Failed to resolve '3' ([Errno 11001] getaddrinfo failed)"))
2025-08-10 20:35:15,911 - NOMOCR - ERROR - Error: D:\learning\lab NLP\Week03\VanBiaTienLang\selected_new_bia\08456-21.jpg - Upload: HTTPSConnectionPool(host='3', port=443): Max retries exceeded with url: /api/web/clc-sinonom/image-upload (Caused by NameResolutionError("<urllib3.connection.HTTPSConnection object at 0x000002C42E839B20>: Failed to resolve '3' ([Errno 11001] getaddrinfo failed)"))
2025-08-10 20:37:54,035 - NOMOCR - ERROR - Error: D:\learning\lab NLP\Week03\VanBiaTienLang\selected_new_bia\08457-22.jpg - OCR: [Errno 2] No such file or directory: 'D:\\learning\\lab NLP\\Week03\\VanBiaTienLang/ocr/Han_Nom_ocr\\08457-22.json'
2025-08-10 20:58:03,583 - NOMOCR - ERROR - Error: D:\learning\lab NLP\Week03\VanBiaTienLang\selected_new_bia\Cache.cach - Upload: t_file_data_is_empty
2025-08-10 20:59:40,005 - NOMOCR - ERROR - Error: D:\learning\lab NLP\Week03\VanBiaTienLang\selected_new_bia\Cache.cach - Upload: t_file_data_is_empty
2026-01-17 20:53:36,213 - NOMOCR - ERROR - Error: D:\learning\C.VAnh\tool\ocr_corrector\temp_demo_nom\images\test1.jpg - OCR: {"title": "t_000500", "text": "m_000500", "web_text": null, "debug_msg": "Internal Server Error"}
2026-01-17 20:53:53,508 - NOMOCR - ERROR - Error: D:\learning\C.VAnh\tool\ocr_corrector\temp_demo_nom\images\test1.jpg - OCR: {"title": "t_000500", "text": "m_000500", "web_text": null, "debug_msg": "Internal Server Error"}
2026-01-17 20:54:10,264 - NOMOCR - ERROR - Error: D:\learning\C.VAnh\tool\ocr_corrector\temp_demo_nom\images\test1.jpg - OCR: {"title": "t_000500", "text": "m_000500", "web_text": null, "debug_msg": "Internal Server Error"}
2026-01-17 20:54:52,547 - NOMOCR - ERROR - Error: D:\learning\C.VAnh\tool\ocr_corrector\temp_demo_nom\images\test1.jpg - OCR: {"title": "t_000500", "text": "m_000500", "web_text": null, "debug_msg": "Internal Server Error"}
2026-01-17 20:55:43,088 - NOMOCR - ERROR - Error: D:\learning\C.VAnh\tool\ocr_corrector\temp_demo_nom\images\test1.jpg - OCR: {"title": "t_000500", "text": "m_000500", "web_text": null, "debug_msg": "Internal Server Error"}
2026-01-17 21:05:10,377 - NOMOCR - ERROR - Warning: could not attach metadata to D:\learning\lab NLP\TKNA\VanBia/ocr/Han_Nom_ocr\RCM_001_000_004.json: 'OCRData' object has no attribute 'file_name'
2026-01-17 21:05:33,254 - NOMOCR - ERROR - Warning: could not attach metadata to D:\learning\lab NLP\TKNA\VanBia/ocr/Han_Nom_ocr\RCM_001_000_006.json: 'OCRData' object has no attribute 'file_name'
2026-01-17 21:45:43,151 - NOMOCR - ERROR - Warning: could not attach metadata to ./output/ocr/Han_Nom_ocr\01836-41.json: 'OCRData' object has no attribute 'file_name'
2026-01-17 21:46:00,344 - NOMOCR - ERROR - Warning: could not attach metadata to ./output/ocr/Han_Nom_ocr\01840-41.json: 'OCRData' object has no attribute 'file_name'
2026-01-17 21:46:34,662 - NOMOCR - ERROR - Warning: could not attach metadata to ./output/ocr/Han_Nom_ocr\08340-21.json: 'OCRData' object has no attribute 'file_name'
2026-01-17 21:46:58,190 - NOMOCR - ERROR - Warning: could not attach metadata to ./output/ocr/Han_Nom_ocr\08341-22.json: 'OCRData' object has no attribute 'file_name'
2026-01-17 21:47:33,260 - NOMOCR - ERROR - Warning: could not attach metadata to ./output/ocr/Han_Nom_ocr\08454-21.json: 'OCRData' object has no attribute 'file_name'
2026-01-17 21:48:23,475 - NOMOCR - ERROR - Warning: could not attach metadata to ./output/ocr/Han_Nom_ocr\08455-22.json: 'OCRData' object has no attribute 'file_name'
2026-01-17 21:48:45,441 - NOMOCR - ERROR - Warning: could not attach metadata to ./output/ocr/Han_Nom_ocr\08456-21.json: 'OCRData' object has no attribute 'file_name'
2026-01-17 21:49:02,845 - NOMOCR - ERROR - Warning: could not attach metadata to ./output/ocr/Han_Nom_ocr\08457-22.json: 'OCRData' object has no attribute 'file_name'
2026-01-17 21:53:36,410 - NOMOCR - ERROR - Error: D:/learning/C.VAnh/tool/BIA_TIENLANG\01836-41.jpg - OCR: Gateway Timeout
2026-01-17 21:55:37,373 - NOMOCR - ERROR - Warning: could not attach metadata to D:\learning\C.VAnh\tool\output/ocr/Han_Nom_ocr\01836-41.json: 'OCRData' object has no attribute 'file_name'
2026-01-17 22:03:27,378 - NOMOCR - ERROR - Warning: could not attach metadata to D:\learning\C.VAnh\tool\output/ocr/Han_Nom_ocr\01836-41.json: 'OCRData' object has no attribute 'file_name'
2026-01-17 22:03:48,086 - NOMOCR - ERROR - Warning: could not attach metadata to D:\learning\C.VAnh\tool\output/ocr/Han_Nom_ocr\01840-41.json: 'OCRData' object has no attribute 'file_name'
2026-01-17 22:06:20,348 - NOMOCR - ERROR - Warning: could not attach metadata to D:\learning\C.VAnh\tool\output/ocr/Han_Nom_ocr\01836-41.json: 'OCRData' object has no attribute 'file_name'
2026-01-17 22:09:36,082 - NOMOCR - ERROR - Error: D:/learning/C.VAnh/tool/BIA_TIENLANG\08340-21.jpg - OCR: Gateway Timeout
2026-01-17 22:17:01,667 - NOMOCR - ERROR - Error: D:/learning/C.VAnh/tool/BIA_TIENLANG\08340-21.jpg - OCR: Gateway Timeout
2026-01-17 22:19:30,234 - NOMOCR - ERROR - Error: D:/learning/C.VAnh/tool/BIA_TIENLANG\08340-21.jpg - OCR: Gateway Timeout
2026-01-17 22:25:50,752 - NOMOCR - ERROR - Error: D:/learning/C.VAnh/tool/BIA_TIENLANG\08340-21.jpg - OCR: Gateway Timeout
2026-01-17 22:28:53,098 - NOMOCR - ERROR - Error: D:/learning/C.VAnh/tool/BIA_TIENLANG\08340-21.jpg - OCR: Gateway Timeout
2026-01-17 22:30:07,193 - NOMOCR - ERROR - Error: D:/learning/C.VAnh/tool/BIA_TIENLANG\08340-21.jpg - OCR: Gateway Timeout
2026-01-18 01:20:55,548 - NOMOCR - ERROR - Error: D:\learning\C.VAnh\tool\output\ocr\Han_Nom_ocr\1836.json - Upload: t_file_extension_invalid
2026-01-18 01:36:40,366 - NOMOCR - ERROR - Error: D:\learning\C.VAnh\tool\output\ocr\Han_Nom_ocr\1836.json - Upload: t_file_extension_invalid
